2025-02-05 05:01:29 INFO: FrmMain.cs, Risc/CRisc/Pic ReadCPU_3394(), find pcValue file, open it
2025-02-05 05:01:29 INFO: Sdcc项目，对PC=0x0000, 搜行号 ... ## 0 .
2025-02-05 05:01:29 INFO: C项目，在.lst文件中，没找到PC=0x0000所对应的行号, 再走一个步进试试.
2025-02-05 05:01:30 INFO: Sdcc项目，对PC=0x0043, 搜行号 ... ## 0 .
2025-02-05 05:01:30 INFO: Sdcc项目，对PC=0x0043, 找到了
2025-02-05 05:01:30 INFO: update frmSys.propertyGrid_sys
2025-02-05 05:01:30 INFO: readAX
2025-02-05 05:01:30 INFO: readRAM
2025-02-05 05:07:04 INFO: FrmMain.cs, Risc/CRisc/Pic ReadCPU_3394(), find pcValue file, open it
2025-02-05 05:07:04 INFO: Sdcc项目，对PC=0x0043, 搜行号 ... ## 0 .
2025-02-05 05:07:04 INFO: Sdcc项目，对PC=0x0043, 找到了
2025-02-05 05:07:04 INFO: update frmSys.propertyGrid_sys
2025-02-05 05:07:04 INFO: readAX
2025-02-05 05:07:04 INFO: readRAM
2025-02-05 05:07:09 INFO: FrmMain.cs, Risc/CRisc/Pic ReadCPU_3394(), find pcValue file, open it
2025-02-05 05:07:09 INFO: Sdcc项目，对PC=0x0000, 搜行号 ... ## 0 .
2025-02-05 05:07:09 INFO: C项目，在.lst文件中，没找到PC=0x0000所对应的行号, 再走一个步进试试.
2025-02-05 05:07:09 INFO: Sdcc项目，对PC=0x0043, 搜行号 ... ## 0 .
2025-02-05 05:07:09 INFO: Sdcc项目，对PC=0x0043, 找到了
2025-02-05 05:07:09 INFO: update frmSys.propertyGrid_sys
2025-02-05 05:07:09 INFO: readAX
2025-02-05 05:07:09 INFO: readRAM
2025-02-05 05:07:52 INFO: FrmMain.cs, Risc/CRisc/Pic ReadCPU_3394(), find pcValue file, open it
2025-02-05 05:07:52 INFO: Sdcc项目，对PC=0x0000, 搜行号 ... ## 0 .
2025-02-05 05:07:52 INFO: C项目，在.lst文件中，没找到PC=0x0000所对应的行号, 再走一个步进试试.
2025-02-05 05:07:52 INFO: Sdcc项目，对PC=0x0043, 搜行号 ... ## 0 .
2025-02-05 05:07:52 INFO: Sdcc项目，对PC=0x0043, 找到了
2025-02-05 05:07:52 INFO: update frmSys.propertyGrid_sys
2025-02-05 05:07:52 INFO: readAX
2025-02-05 05:07:52 INFO: readRAM
2025-02-05 05:08:17 INFO: FrmMain.cs, Risc/CRisc/Pic ReadCPU_3394(), find pcValue file, open it
2025-02-05 05:08:17 INFO: Sdcc项目，对PC=0x0000, 搜行号 ... ## 0 .
2025-02-05 05:08:17 INFO: C项目，在.lst文件中，没找到PC=0x0000所对应的行号, 再走一个步进试试.
2025-02-05 05:08:17 INFO: Sdcc项目，对PC=0x0043, 搜行号 ... ## 0 .
2025-02-05 05:08:17 INFO: Sdcc项目，对PC=0x0043, 找到了
2025-02-05 05:08:17 INFO: update frmSys.propertyGrid_sys
2025-02-05 05:08:17 INFO: readAX
2025-02-05 05:08:17 INFO: readRAM
2025-02-05 05:08:48 INFO: FrmMain.cs, Risc/CRisc/Pic ReadCPU_3394(), find pcValue file, open it
2025-02-05 05:08:48 INFO: Sdcc项目，对PC=0x0000, 搜行号 ... ## 0 .
2025-02-05 05:08:48 INFO: C项目，在.lst文件中，没找到PC=0x0000所对应的行号, 再走一个步进试试.
2025-02-05 05:08:48 INFO: Sdcc项目，对PC=0x0043, 搜行号 ... ## 0 .
2025-02-05 05:08:48 INFO: Sdcc项目，对PC=0x0043, 找到了
2025-02-05 05:08:48 INFO: update frmSys.propertyGrid_sys
2025-02-05 05:08:48 INFO: readAX
2025-02-05 05:08:48 INFO: readRAM
2025-02-05 05:09:14 INFO: FrmMain.cs, Risc/CRisc/Pic ReadCPU_3394(), find pcValue file, open it
2025-02-05 05:09:15 INFO: Sdcc项目，对PC=0x0000, 搜行号 ... ## 0 .
2025-02-05 05:09:15 INFO: C项目，在.lst文件中，没找到PC=0x0000所对应的行号, 再走一个步进试试.
2025-02-05 05:09:15 INFO: Sdcc项目，对PC=0x0043, 搜行号 ... ## 0 .
2025-02-05 05:09:15 INFO: Sdcc项目，对PC=0x0043, 找到了
2025-02-05 05:09:15 INFO: update frmSys.propertyGrid_sys
2025-02-05 05:09:15 INFO: readAX
2025-02-05 05:09:15 INFO: readRAM
2025-02-05 05:09:41 INFO: FrmMain.cs, Risc/CRisc/Pic ReadCPU_3394(), find pcValue file, open it
2025-02-05 05:09:41 INFO: Sdcc项目，对PC=0x025D, 搜行号 ... ## 0 .
2025-02-05 05:09:41 INFO: C项目，在.lst文件中，没找到PC=0x025D所对应的行号, 再走一个步进试试.
2025-02-05 05:09:41 INFO: Sdcc项目，对PC=0x025E, 搜行号 ... ## 0 .
2025-02-05 05:09:41 INFO: C项目，在.lst文件中，没找到PC=0x025E所对应的行号, 再走一个步进试试.
2025-02-05 05:09:41 INFO: Sdcc项目，对PC=0x025F, 搜行号 ... ## 0 .
2025-02-05 05:09:41 INFO: C项目，在.lst文件中，没找到PC=0x025F所对应的行号, 再走一个步进试试.
2025-02-05 05:09:41 INFO: FrmMain.cs, Risc/CRisc/Pic ReadCPU_3394(), find pcValue file, open it
2025-02-05 05:09:41 INFO: Sdcc项目，对PC=0x025F, 搜行号 ... ## 0 .
2025-02-05 05:09:41 INFO: C项目，在.lst文件中，没找到PC=0x025F所对应的行号, 再走一个步进试试.
2025-02-05 05:09:41 INFO: Sdcc项目，对PC=0x0261, 搜行号 ... ## 0 .
2025-02-05 05:09:41 INFO: C项目，在.lst文件中，没找到PC=0x0261所对应的行号, 再走一个步进试试.
2025-02-05 05:09:41 INFO: Sdcc项目，对PC=0x0262, 搜行号 ... ## 0 .
2025-02-05 05:09:41 INFO: Sdcc项目，对PC=0x0262, 找到了
2025-02-05 05:09:41 INFO: update frmSys.propertyGrid_sys
2025-02-05 05:09:41 INFO: readAX
2025-02-05 05:09:41 INFO: readRAM
2025-02-05 05:09:47 INFO: FrmMain.cs, Risc/CRisc/Pic ReadCPU_3394(), find pcValue file, open it
2025-02-05 05:09:47 INFO: Sdcc项目，对PC=0x0000, 搜行号 ... ## 0 .
2025-02-05 05:09:47 INFO: C项目，在.lst文件中，没找到PC=0x0000所对应的行号, 再走一个步进试试.
2025-02-05 05:09:47 INFO: Sdcc项目，对PC=0x0043, 搜行号 ... ## 0 .
2025-02-05 05:09:47 INFO: Sdcc项目，对PC=0x0043, 找到了
2025-02-05 05:09:47 INFO: update frmSys.propertyGrid_sys
2025-02-05 05:09:47 INFO: readAX
2025-02-05 05:09:47 INFO: readRAM
2025-02-05 05:09:54 INFO: FrmMain.cs, Risc/CRisc/Pic ReadCPU_3394(), find pcValue file, open it
2025-02-05 05:09:54 INFO: Sdcc项目，对PC=0x0000, 搜行号 ... ## 0 .
2025-02-05 05:09:54 INFO: C项目，在.lst文件中，没找到PC=0x0000所对应的行号, 再走一个步进试试.
2025-02-05 05:09:54 INFO: Sdcc项目，对PC=0x0043, 搜行号 ... ## 0 .
2025-02-05 05:09:54 INFO: Sdcc项目，对PC=0x0043, 找到了
2025-02-05 05:09:54 INFO: update frmSys.propertyGrid_sys
2025-02-05 05:09:54 INFO: readAX
2025-02-05 05:09:54 INFO: readRAM
2025-02-05 05:10:19 INFO: FrmMain.cs, Risc/CRisc/Pic ReadCPU_3394(), find pcValue file, open it
2025-02-05 05:10:19 INFO: Sdcc项目，对PC=0x0000, 搜行号 ... ## 0 .
2025-02-05 05:10:19 INFO: C项目，在.lst文件中，没找到PC=0x0000所对应的行号, 再走一个步进试试.
2025-02-05 05:10:19 INFO: Sdcc项目，对PC=0x0043, 搜行号 ... ## 0 .
2025-02-05 05:10:19 INFO: Sdcc项目，对PC=0x0043, 找到了
2025-02-05 05:10:19 INFO: update frmSys.propertyGrid_sys
2025-02-05 05:10:19 INFO: readAX
2025-02-05 05:10:19 INFO: readRAM
2025-02-05 05:10:36 INFO: FrmMain.cs, Risc/CRisc/Pic ReadCPU_3394(), find pcValue file, open it
2025-02-05 05:10:36 INFO: Sdcc项目，对PC=0x0219, 搜行号 ... ## 0 .
2025-02-05 05:10:36 INFO: C项目，在.lst文件中，没找到PC=0x0219所对应的行号, 再走一个步进试试.
2025-02-05 05:10:36 INFO: Sdcc项目，对PC=0x0218, 搜行号 ... ## 0 .
2025-02-05 05:10:36 INFO: Sdcc项目，对PC=0x0218, 找到了
2025-02-05 05:10:36 INFO: update frmSys.propertyGrid_sys
2025-02-05 05:10:36 INFO: readAX
2025-02-05 05:10:36 INFO: readRAM
2025-02-05 05:10:36 INFO: FrmMain.cs, Risc/CRisc/Pic ReadCPU_3394(), find pcValue file, open it
2025-02-05 05:10:36 INFO: Sdcc项目，对PC=0x0218, 搜行号 ... ## 0 .
2025-02-05 05:10:36 INFO: Sdcc项目，对PC=0x0218, 找到了
2025-02-05 05:10:36 INFO: update frmSys.propertyGrid_sys
2025-02-05 05:10:36 INFO: readAX
2025-02-05 05:10:36 INFO: readRAM
2025-02-05 05:10:41 INFO: FrmMain.cs, Risc/CRisc/Pic ReadCPU_3394(), find pcValue file, open it
2025-02-05 05:10:41 INFO: Sdcc项目，对PC=0x0000, 搜行号 ... ## 0 .
2025-02-05 05:10:41 INFO: C项目，在.lst文件中，没找到PC=0x0000所对应的行号, 再走一个步进试试.
2025-02-05 05:10:41 INFO: Sdcc项目，对PC=0x0043, 搜行号 ... ## 0 .
2025-02-05 05:10:41 INFO: Sdcc项目，对PC=0x0043, 找到了
2025-02-05 05:10:41 INFO: update frmSys.propertyGrid_sys
2025-02-05 05:10:41 INFO: readAX
2025-02-05 05:10:41 INFO: readRAM
